Mon 21 Oct 15:38:17 2002 [28287] opening ro...
Mon 21 Oct 15:38:17 2002 [28287] ...opened
Mon 21 Oct 15:38:18 2002 [28287] > Register id=1
Mon 21 Oct 15:38:18 2002 [28287] Database information
Mon 21 Oct 15:38:43 2002 [28287] > Deregister id=1 cnum=1: Contig selector
Mon 21 Oct 15:38:43 2002 [28287] close database
Mon 21 Oct 15:38:43 2002 [28287] closing...
Mon 21 Oct 15:38:43 2002 [28287] ...closed
Wed 20 Nov 15:27:09 2002 [1814] opening ro...
Wed 20 Nov 15:27:10 2002 [1814] ...opened
Wed 20 Nov 15:27:35 2002 [1814] > Register id=1
Wed 20 Nov 15:27:36 2002 [1814] Database information
Wed 20 Nov 15:28:36 2002 [1814] edit contig
Wed 20 Nov 15:28:41 2002 [1814] > Register id=2
Mon 12 May 17:36:42 2003 [2074331] opening rw...
Mon 12 May 17:36:42 2003 [2074331] ...opened
Mon 12 May 17:36:42 2003 [2074331] check database
Mon 12 May 17:36:44 2003 [2074331] > Register id=1
Mon 12 May 17:36:44 2003 [2074331] Database information
Mon 12 May 17:36:46 2003 [2074331] edit contig
Mon 12 May 17:36:48 2003 [2074331] > Register id=2
Mon 12 May 17:40:51 2003 [2074331] > Deregister id=2 cnum=3: Contig editor @ 59
Mon 12 May 17:40:57 2003 [2074331] > Deregister id=1 cnum=1: Contig selector
Mon 12 May 17:40:57 2003 [2074331] close database
Mon 12 May 17:40:57 2003 [2074331] closing...
Mon 12 May 17:40:57 2003 [2074331] ...closed
Mon 12 May 17:41:38 2003 [2074486] opening rw...
Mon 12 May 17:41:38 2003 [2074486] ...opened
Mon 12 May 17:41:38 2003 [2074486] check database
Mon 12 May 17:41:38 2003 [2074486] > Register id=1
Mon 12 May 17:41:38 2003 [2074486] Database information
Mon 12 May 17:41:42 2003 [2074486] edit contig
Mon 12 May 17:41:43 2003 [2074486] > Register id=2
Mon 12 May 17:41:53 2003 [2074486] > Deregister id=2 cnum=3: Contig editor @ 59
Mon 12 May 17:41:58 2003 [2074486] > Deregister id=1 cnum=1: Contig selector
Mon 12 May 17:41:58 2003 [2074486] close database
Mon 12 May 17:41:58 2003 [2074486] closing...
Mon 12 May 17:41:58 2003 [2074486] ...closed
Tue 13 May 09:26:25 2003 [1645792] opening rw...
Tue 13 May 09:26:25 2003 [1645792] ...opened
Tue 13 May 09:26:25 2003 [1645792] check database
Tue 13 May 09:26:25 2003 [1645792] > Register id=1
Tue 13 May 09:26:25 2003 [1645792] Database information
Tue 13 May 09:26:26 2003 [1645792] edit contig
Tue 13 May 09:26:27 2003 [1645792] > Register id=2
Tue 13 May 09:26:43 2003 [1645792] > Deregister id=2 cnum=3: Contig editor @ 59
Tue 13 May 09:26:46 2003 [1645792] > Deregister id=1 cnum=1: Contig selector
Tue 13 May 09:26:46 2003 [1645792] close database
Tue 13 May 09:26:46 2003 [1645792] closing...
Tue 13 May 09:26:46 2003 [1645792] ...closed
Tue 13 May 15:08:43 2003 [1739360] opening rw...
Tue 13 May 15:08:44 2003 [1739360] ...opened
Tue 13 May 15:08:44 2003 [1739360] check database
Tue 13 May 15:08:44 2003 [1739360] > Register id=1
Tue 13 May 15:08:44 2003 [1739360] Database information
Tue 13 May 15:08:47 2003 [1739360] edit contig
Tue 13 May 15:08:47 2003 [1739360] > Register id=2
Tue 13 May 15:14:44 2003 [1739360] > Deregister id=2 cnum=3: Contig editor @ 59
Tue 13 May 15:14:46 2003 [1739360] > Deregister id=1 cnum=1: Contig selector
Tue 13 May 15:14:46 2003 [1739360] close database
Tue 13 May 15:14:46 2003 [1739360] closing...
Tue 13 May 15:14:46 2003 [1739360] ...closed
Thu 15 May 16:52:29 2003 [30757] opening ro...
Thu 15 May 16:52:29 2003 [30757] ...opened
Thu 15 May 16:52:30 2003 [30757] > Register id=1
Thu 15 May 16:52:30 2003 [30757] Database information
Thu 15 May 16:52:33 2003 [30757] Program terminated unexpectedly with signal 2.
Thu 15 May 16:52:47 2003 [30764] opening ro...
Thu 15 May 16:52:47 2003 [30764] ...opened
Thu 15 May 16:52:48 2003 [30764] > Register id=1
Thu 15 May 16:52:48 2003 [30764] Database information
Thu 15 May 16:53:11 2003 [30764] find internal joins
Thu 15 May 16:53:11 2003 [30764] > Register id=3
Thu 15 May 16:53:12 2003 [30764] > Register id=4
Thu 15 May 16:53:12 2003 [30764] > Register id=5
Thu 29 May 09:57:46 2003 [30157] opening rw...
Thu 29 May 09:57:46 2003 [30157] ...opened
Thu 29 May 09:57:47 2003 [30157] check database
Thu 29 May 09:57:47 2003 [30157] > Register id=1
Thu 29 May 09:57:47 2003 [30157] Database information
Thu 29 May 09:57:49 2003 [30157] Program terminated unexpectedly with signal 2.
Thu 29 May 09:57:59 2003 [30166] opening rw...
Thu 29 May 09:57:59 2003 [30166] ...opened
Thu 29 May 09:58:00 2003 [30166] check database
Thu 29 May 09:58:00 2003 [30166] > Register id=1
Thu 29 May 09:58:00 2003 [30166] Database information
Thu 29 May 09:58:03 2003 [30166] edit contig
Thu 29 May 09:58:04 2003 [30166] > Register id=2
Thu 29 May 10:05:27 2003 [30239] opening rw...
Thu 29 May 10:05:27 2003 [30239] ...opened
Thu 29 May 10:05:28 2003 [30239] check database
Thu 29 May 10:05:28 2003 [30239] > Register id=1
Thu 29 May 10:05:28 2003 [30239] Database information
Thu 29 May 10:05:32 2003 [30239] edit contig
Thu 29 May 10:05:32 2003 [30239] > Register id=2
Thu 29 May 10:06:30 2003 [30239] > Deregister id=2 cnum=2: Contig editor @ 2
Thu 29 May 10:06:43 2003 [30244] opening rw...
Thu 29 May 10:06:43 2003 [30244] ...opened
Thu 29 May 10:06:44 2003 [30244] check database
Thu 29 May 10:06:44 2003 [30244] > Register id=1
Thu 29 May 10:06:44 2003 [30244] Database information
Thu 29 May 10:06:47 2003 [30244] edit contig
Thu 29 May 10:06:48 2003 [30244] > Register id=2
Thu 29 May 10:09:20 2003 [753270] opening rw...
Thu 29 May 10:09:20 2003 [753270] ...opened
Thu 29 May 10:09:21 2003 [753270] check database
Thu 29 May 10:09:21 2003 [753270] > Register id=1
Thu 29 May 10:09:21 2003 [753270] Database information
Thu 29 May 10:09:25 2003 [753270] edit contig
Thu 29 May 10:09:26 2003 [753270] > Register id=2
Thu 29 May 10:09:46 2003 [753270] > Deregister id=2 cnum=2: Contig editor @ 2
Thu 29 May 10:09:49 2003 [753270] > Deregister id=1 cnum=1: Contig selector
Thu 29 May 10:09:49 2003 [753270] close database
Thu 29 May 10:09:49 2003 [753270] closing...
Thu 29 May 10:09:49 2003 [753270] ...closed
Thu 29 May 10:10:49 2003 [30255] opening rw...
Thu 29 May 10:10:49 2003 [30255] ...opened
Thu 29 May 10:10:50 2003 [30255] check database
Thu 29 May 10:10:50 2003 [30255] > Register id=1
Thu 29 May 10:10:50 2003 [30255] Database information
Thu 29 May 10:10:52 2003 [30255] edit contig
Thu 29 May 10:10:52 2003 [30255] > Register id=2
Thu 29 May 10:13:07 2003 [30275] opening rw...
Thu 29 May 10:13:07 2003 [30275] ...opened
Thu 29 May 10:13:08 2003 [30275] check database
Thu 29 May 10:13:08 2003 [30275] > Register id=1
Thu 29 May 10:13:08 2003 [30275] Database information
Thu 29 May 10:13:11 2003 [30275] edit contig
Thu 29 May 10:13:11 2003 [30275] > Register id=2
Thu 29 May 10:13:53 2003 [30275] > Deregister id=2 cnum=2: Contig editor @ 2
Thu 29 May 10:14:02 2003 [30275] > Deregister id=1 cnum=1: Contig selector
Thu 29 May 10:14:02 2003 [30275] close database
Thu 29 May 10:14:02 2003 [30275] closing...
Thu 29 May 10:14:02 2003 [30275] ...closed
Thu 29 May 10:21:33 2003 [30285] opening rw...
Thu 29 May 10:21:33 2003 [30285] ...opened
Thu 29 May 10:21:34 2003 [30285] check database
Thu 29 May 10:21:34 2003 [30285] > Register id=1
Thu 29 May 10:21:34 2003 [30285] Database information
Thu 29 May 10:21:41 2003 [30285] > Deregister id=1 cnum=1: Contig selector
Thu 29 May 10:21:41 2003 [30285] close database
Thu 29 May 10:21:41 2003 [30285] closing...
Thu 29 May 10:21:41 2003 [30285] ...closed
Thu 29 May 10:21:58 2003 [30295] opening rw...
Thu 29 May 10:21:58 2003 [30295] ...opened
Thu 29 May 10:21:59 2003 [30295] check database
Thu 29 May 10:21:59 2003 [30295] > Register id=1
Thu 29 May 10:21:59 2003 [30295] Database information
Thu 29 May 10:22:04 2003 [30295] edit contig
Thu 29 May 10:22:04 2003 [30295] > Register id=2
Thu 29 May 10:24:18 2003 [30295] > Deregister id=2 cnum=3: Contig editor @ 59
Thu 29 May 10:24:21 2003 [30295] > Deregister id=1 cnum=1: Contig selector
Thu 29 May 10:24:21 2003 [30295] close database
Thu 29 May 10:24:21 2003 [30295] closing...
Thu 29 May 10:24:21 2003 [30295] ...closed
Thu 29 May 17:13:49 2003 [1196812] opening rw...
Thu 29 May 17:13:49 2003 [1196812] ...opened
Thu 29 May 17:13:51 2003 [1196812] check database
Thu 29 May 17:13:51 2003 [1196812] > Register id=1
Thu 29 May 17:13:51 2003 [1196812] Database information
Thu 29 May 17:13:58 2003 [1196812] Program terminated unexpectedly with signal 2.
Thu 29 May 17:14:02 2003 [1196962] opening rw...
Thu 29 May 17:14:02 2003 [1196962] ...opened
Thu 29 May 17:14:03 2003 [1196962] check database
Thu 29 May 17:14:03 2003 [1196962] > Register id=1
Thu 29 May 17:14:03 2003 [1196962] Database information
Thu 29 May 17:14:06 2003 [1196962] edit contig
Thu 29 May 17:14:06 2003 [1196962] > Register id=2
Thu 29 May 17:14:24 2003 [1196962] Oligo details
Thu 29 May 17:14:56 2003 [1196962] > Deregister id=2 cnum=3: Contig editor @ 59
Thu 29 May 17:15:15 2003 [1196962] edit contig
Thu 29 May 17:15:15 2003 [1196962] > Register id=3
Thu 29 May 17:15:43 2003 [1196962] > Deregister id=3 cnum=3: Contig editor @ 59
Thu 29 May 17:15:46 2003 [1196962] > Deregister id=1 cnum=1: Contig selector
Thu 29 May 17:15:46 2003 [1196962] close database
Thu 29 May 17:15:46 2003 [1196962] closing...
Thu 29 May 17:15:46 2003 [1196962] ...closed
Tue 03 Jun 10:26:33 2003 [1576679] opening rw...
Tue 03 Jun 10:26:33 2003 [1576679] ...opened
Tue 03 Jun 10:26:33 2003 [1576679] check database
Tue 03 Jun 10:26:34 2003 [1576679] > Register id=1
Tue 03 Jun 10:26:34 2003 [1576679] Database information
Tue 03 Jun 10:26:41 2003 [1576679] > Register id=2
Tue 03 Jun 10:26:47 2003 [1576679] > Deregister id=1 cnum=1: Contig selector
Tue 03 Jun 10:26:47 2003 [1576679] > Deregister id=2 cnum=0: 
Tue 03 Jun 10:26:47 2003 [1576679] close database
Tue 03 Jun 10:26:47 2003 [1576679] closing...
Tue 03 Jun 10:26:47 2003 [1576679] ...closed
Mon 16 Jun 15:28:16 2003 [913893] opening rw...
Mon 16 Jun 15:28:16 2003 [913893] ...opened
Mon 16 Jun 15:28:17 2003 [913893] check database
Mon 16 Jun 15:28:17 2003 [913893] > Register id=1
Mon 16 Jun 15:28:17 2003 [913893] Database information
Mon 16 Jun 15:28:20 2003 [913893] template display
Mon 16 Jun 15:28:20 2003 [913893] > Register id=2
Mon 16 Jun 15:28:22 2003 [913893] > Deregister id=2 cnum=2: Template display
Mon 16 Jun 15:28:23 2003 [913893] edit contig
Mon 16 Jun 15:28:23 2003 [913893] > Register id=3
Mon 16 Jun 15:29:09 2003 [913893] > Deregister id=3 cnum=3: Contig editor @ 59
Mon 16 Jun 15:29:11 2003 [913893] > Deregister id=1 cnum=1: Contig selector
Mon 16 Jun 15:29:11 2003 [913893] close database
Mon 16 Jun 15:29:11 2003 [913893] closing...
Mon 16 Jun 15:29:11 2003 [913893] ...closed
Mon 16 Jun 15:30:08 2003 [913718] opening rw...
Mon 16 Jun 15:30:08 2003 [913718] ...opened
Mon 16 Jun 15:30:09 2003 [913718] check database
Mon 16 Jun 15:30:09 2003 [913718] > Register id=1
Mon 16 Jun 15:30:09 2003 [913718] Database information
Mon 16 Jun 15:30:12 2003 [913718] edit contig
Mon 16 Jun 15:30:12 2003 [913718] > Register id=2
Mon 16 Jun 15:30:32 2003 [913718] > Deregister id=2 cnum=2: Contig editor @ 2
Mon 16 Jun 15:30:34 2003 [913718] > Deregister id=1 cnum=1: Contig selector
Mon 16 Jun 15:30:34 2003 [913718] close database
Mon 16 Jun 15:30:34 2003 [913718] closing...
Mon 16 Jun 15:30:34 2003 [913718] ...closed
Mon 23 Jun 17:20:37 2003 [1329500] opening rw...
Mon 23 Jun 17:20:37 2003 [1329500] ...opened
Mon 23 Jun 17:20:37 2003 [1329500] check database
Mon 23 Jun 17:20:37 2003 [1329500] > Register id=1
Mon 23 Jun 17:20:37 2003 [1329500] Database information
Mon 23 Jun 17:20:40 2003 [1329500] edit contig
Mon 23 Jun 17:20:40 2003 [1329500] > Register id=2
Mon 23 Jun 17:20:56 2003 [1329500] > Deregister id=2 cnum=2: Contig editor @ 2
Mon 23 Jun 17:20:58 2003 [1329500] > Deregister id=1 cnum=1: Contig selector
Mon 23 Jun 17:20:58 2003 [1329500] close database
Mon 23 Jun 17:20:58 2003 [1329500] closing...
Mon 23 Jun 17:20:58 2003 [1329500] ...closed
Mon 23 Jun 17:21:05 2003 [1329357] opening rw...
Mon 23 Jun 17:21:05 2003 [1329357] ...opened
Mon 23 Jun 17:21:06 2003 [1329357] check database
Mon 23 Jun 17:21:06 2003 [1329357] > Register id=1
Mon 23 Jun 17:21:06 2003 [1329357] Database information
Mon 23 Jun 17:21:09 2003 [1329357] edit contig
Mon 23 Jun 17:21:09 2003 [1329357] > Register id=2
Mon 23 Jun 17:21:19 2003 [1329357] > Deregister id=2 cnum=2: Contig editor @ 2
Mon 23 Jun 17:21:21 2003 [1329357] > Deregister id=1 cnum=1: Contig selector
Mon 23 Jun 17:21:21 2003 [1329357] close database
Mon 23 Jun 17:21:21 2003 [1329357] closing...
Mon 23 Jun 17:21:21 2003 [1329357] ...closed
Mon 23 Jun 17:21:23 2003 [1329522] opening rw...
Mon 23 Jun 17:21:23 2003 [1329522] ...opened
Mon 23 Jun 17:21:23 2003 [1329522] check database
Mon 23 Jun 17:21:23 2003 [1329522] > Register id=1
Mon 23 Jun 17:21:24 2003 [1329522] Database information
Mon 23 Jun 17:21:27 2003 [1329522] edit contig
Mon 23 Jun 17:21:27 2003 [1329522] > Register id=2
Mon 23 Jun 17:21:36 2003 [1329522] > Deregister id=2 cnum=2: Contig editor @ 2
Mon 23 Jun 17:21:37 2003 [1329522] > Deregister id=1 cnum=1: Contig selector
Mon 23 Jun 17:21:37 2003 [1329522] close database
Mon 23 Jun 17:21:37 2003 [1329522] closing...
Mon 23 Jun 17:21:37 2003 [1329522] ...closed
